2025-05-26 13:32:07.208 - HV000001: Hibernate Validator 8.0.2.Final
2025-05-26 13:32:07.245 - Starting AdAdminServiceApplication v0.0.1-SNAPSHOT using Java 17.0.15 with PID 29330 (/Users/master/Documents/project/GoormPlay/ad-admin-service/build/libs/ad-admin-service-0.0.1-SNAPSHOT.jar started by master in /Users/master/Documents/project/GoormPlay)
2025-05-26 13:32:07.246 - No active profile set, falling back to 1 default profile: "default"
2025-05-26 13:32:07.637 - Multiple Spring Data modules found, entering strict repository configuration mode
2025-05-26 13:32:07.638 - Bootstrapping Spring Data JPA repositories in DEFAULT mode.
2025-05-26 13:32:07.654 - Spring Data JPA - Could not safely identify store assignment for repository candidate interface com.goormplay.adadminservice.repository.AdMetaGroupRepository; If you want this repository to be a JPA repository, consider annotating your entities with one of these annotations: jakarta.persistence.Entity, jakarta.persistence.MappedSuperclass (preferred), or consider extending one of the following types with your repository: org.springframework.data.jpa.repository.JpaRepository
2025-05-26 13:32:07.720 - Finished Spring Data repository scanning in 78 ms. Found 2 JPA repository interfaces.
2025-05-26 13:32:07.733 - Multiple Spring Data modules found, entering strict repository configuration mode
2025-05-26 13:32:07.733 - Bootstrapping Spring Data MongoDB repositories in DEFAULT mode.
2025-05-26 13:32:07.736 - Spring Data MongoDB - Could not safely identify store assignment for repository candidate interface com.goormplay.adadminservice.repository.AdTransactionLogRepository; If you want this repository to be a MongoDB repository, consider annotating your entities with one of these annotations: org.springframework.data.mongodb.core.mapping.Document (preferred), or consider extending one of the following types with your repository: org.springframework.data.mongodb.repository.MongoRepository
2025-05-26 13:32:07.736 - Spring Data MongoDB - Could not safely identify store assignment for repository candidate interface com.goormplay.adadminservice.repository.AdvertiserAccountRepository; If you want this repository to be a MongoDB repository, consider annotating your entities with one of these annotations: org.springframework.data.mongodb.core.mapping.Document (preferred), or consider extending one of the following types with your repository: org.springframework.data.mongodb.repository.MongoRepository
2025-05-26 13:32:07.737 - Finished Spring Data repository scanning in 2 ms. Found 1 MongoDB repository interface.
2025-05-26 13:32:07.864 - BeanFactory id=9ac3533e-4de8-3c9e-8495-a91c7d2e2b88
2025-05-26 13:32:08.054 - Tomcat initialized with port 8089 (http)
2025-05-26 13:32:08.060 - Initializing ProtocolHandler ["http-nio-8089"]
2025-05-26 13:32:08.061 - Starting service [Tomcat]
2025-05-26 13:32:08.061 - Starting Servlet engine: [Apache Tomcat/10.1.40]
2025-05-26 13:32:08.076 - Initializing Spring embedded WebApplicationContext
2025-05-26 13:32:08.077 - Root WebApplicationContext: initialization completed in 807 ms
2025-05-26 13:32:08.156 - HHH000204: Processing PersistenceUnitInfo [name: default]
2025-05-26 13:32:08.189 - HHH000412: Hibernate ORM core version 6.6.13.Final
2025-05-26 13:32:08.209 - HHH000026: Second-level cache disabled
2025-05-26 13:32:08.357 - No LoadTimeWeaver setup: ignoring JPA class transformer
2025-05-26 13:32:08.371 - HikariPool-1 - Starting...
2025-05-26 13:32:08.511 - HikariPool-1 - Added connection com.mysql.cj.jdbc.ConnectionImpl@6c8ad6d7
2025-05-26 13:32:08.512 - HikariPool-1 - Start completed.
2025-05-26 13:32:08.536 - HHH90000025: MySQL8Dialect does not need to be specified explicitly using 'hibernate.dialect' (remove the property setting and it will be selected by default)
2025-05-26 13:32:08.536 - HHH90000026: MySQL8Dialect has been deprecated; use org.hibernate.dialect.MySQLDialect instead
2025-05-26 13:32:08.545 - HHH10001005: Database info:
	Database JDBC URL [Connecting through datasource 'HikariDataSource (HikariPool-1)']
	Database driver: undefined/unknown
	Database version: 8.0
	Autocommit mode: undefined/unknown
	Isolation level: undefined/unknown
	Minimum pool size: undefined/unknown
	Maximum pool size: undefined/unknown
2025-05-26 13:32:08.928 - HHH000489: No JTA platform available (set 'hibernate.transaction.jta.platform' to enable JTA platform integration)
2025-05-26 13:32:08.955 - Initialized JPA EntityManagerFactory for persistence unit 'default'
2025-05-26 13:32:08.959 - Loaded SERVICE_NAME: null
2025-05-26 13:32:08.959 - Loaded MONGODB_URI: mongodb+srv://user:goorm0508@goorm-mongodb.svz66jf.mongodb.net/?retryWrites=true&w=majority&appName=goorm-mongoDB
2025-05-26 13:32:08.959 - Loaded MONGODB_DATABASE: content-db
2025-05-26 13:32:09.173 - Default advertiser account already exists: ADV_001
2025-05-26 13:32:09.594 - MongoClient with metadata {"application": {"name": "goorm-mongoDB"}, "driver": {"name": "mongo-java-driver|sync", "version": "5.2.1"}, "os": {"type": "Darwin", "name": "Mac OS X", "architecture": "aarch64", "version": "14.6.1"}, "platform": "Java/Homebrew/17.0.15+0"} created with settings MongoClientSettings{readPreference=primary, writeConcern=WriteConcern{w=majority, wTimeout=null ms, journal=null}, retryWrites=true, retryReads=true, readConcern=ReadConcern{level=null}, credential=MongoCredential{mechanism=null, userName='user', source='admin', password=<hidden>, mechanismProperties=<hidden>}, transportSettings=null, commandListeners=[], codecRegistry=ProvidersCodecRegistry{codecProviders=[ValueCodecProvider{}, BsonValueCodecProvider{}, DBRefCodecProvider{}, DBObjectCodecProvider{}, DocumentCodecProvider{}, CollectionCodecProvider{}, IterableCodecProvider{}, MapCodecProvider{}, GeoJsonCodecProvider{}, GridFSFileCodecProvider{}, Jsr310CodecProvider{}, JsonObjectCodecProvider{}, BsonCodecProvider{}, EnumCodecProvider{}, com.mongodb.client.model.mql.ExpressionCodecProvider@51c7d472, com.mongodb.Jep395RecordCodecProvider@3aa4d595, com.mongodb.KotlinCodecProvider@e50e308]}, loggerSettings=LoggerSettings{maxDocumentLength=1000}, clusterSettings={hosts=[127.0.0.1:27017], srvHost=goorm-mongodb.svz66jf.mongodb.net, srvServiceName=mongodb, mode=MULTIPLE, requiredClusterType=REPLICA_SET, requiredReplicaSetName='atlas-9omk4u-shard-0', serverSelector='null', clusterListeners='[]', serverSelectionTimeout='30000 ms', localThreshold='15 ms'}, socketSettings=SocketSettings{connectTimeoutMS=10000, readTimeoutMS=0, receiveBufferSize=0, proxySettings=ProxySettings{host=null, port=null, username=null, password=null}}, heartbeatSocketSettings=SocketSettings{connectTimeoutMS=10000, readTimeoutMS=10000, receiveBufferSize=0, proxySettings=ProxySettings{host=null, port=null, username=null, password=null}}, connectionPoolSettings=ConnectionPoolSettings{maxSize=100, minSize=0, maxWaitTimeMS=120000, maxConnectionLifeTimeMS=0, maxConnectionIdleTimeMS=0, maintenanceInitialDelayMS=0, maintenanceFrequencyMS=60000, connectionPoolListeners=[], maxConnecting=2}, serverSettings=ServerSettings{heartbeatFrequencyMS=10000, minHeartbeatFrequencyMS=500, serverMonitoringMode=AUTO, serverListeners='[]', serverMonitorListeners='[]'}, sslSettings=SslSettings{enabled=true, invalidHostNameAllowed=false, context=null}, applicationName='goorm-mongoDB', compressorList=[], uuidRepresentation=UNSPECIFIED, serverApi=ServerApi{version=V1, deprecationErrors=null, strict=null}, autoEncryptionSettings=null, dnsClient=null, inetAddressResolver=null, contextProvider=null, timeoutMS=null}
2025-05-26 13:32:09.729 - spring.jpa.open-in-view is enabled by default. Therefore, database queries may be performed during view rendering. Explicitly configure spring.jpa.open-in-view to disable this warning
2025-05-26 13:32:09.742 - 

Using generated security password: 46cda460-35b2-41ea-a9f9-eb7f3a92fc72

This generated password is for development use only. Your security configuration must be updated before running your application in production.

2025-05-26 13:32:09.749 - Global AuthenticationManager configured with UserDetailsService bean with name inMemoryUserDetailsManager
2025-05-26 13:32:09.918 - Adding discovered server ac-ij0xaje-shard-00-02.svz66jf.mongodb.net:27017 to client view of cluster
2025-05-26 13:32:09.935 - Adding discovered server ac-ij0xaje-shard-00-00.svz66jf.mongodb.net:27017 to client view of cluster
2025-05-26 13:32:09.936 - Adding discovered server ac-ij0xaje-shard-00-01.svz66jf.mongodb.net:27017 to client view of cluster
2025-05-26 13:32:10.065 - Monitor thread successfully connected to server with description ServerDescription{address=ac-ij0xaje-shard-00-00.svz66jf.mongodb.net:27017, type=REPLICA_SET_SECONDARY, cryptd=false, state=CONNECTED, ok=true, minWireVersion=0, maxWireVersion=25, maxDocumentSize=16777216, logicalSessionTimeoutMinutes=30, roundTripTimeNanos=81525375, minRoundTripTimeNanos=0, setName='atlas-9omk4u-shard-0', canonicalAddress=ac-ij0xaje-shard-00-00.svz66jf.mongodb.net:27017, hosts=[ac-ij0xaje-shard-00-00.svz66jf.mongodb.net:27017, ac-ij0xaje-shard-00-01.svz66jf.mongodb.net:27017, ac-ij0xaje-shard-00-02.svz66jf.mongodb.net:27017], passives=[], arbiters=[], primary='ac-ij0xaje-shard-00-02.svz66jf.mongodb.net:27017', tagSet=TagSet{[Tag{name='availabilityZone', value='apne2-az1'}, Tag{name='diskState', value='READY'}, Tag{name='nodeType', value='ELECTABLE'}, Tag{name='provider', value='AWS'}, Tag{name='region', value='AP_NORTHEAST_2'}, Tag{name='workloadType', value='OPERATIONAL'}]}, electionId=null, setVersion=1, topologyVersion=TopologyVersion{processId=682b3d55c6d06823b61ad526, counter=4}, lastWriteDate=Mon May 26 13:32:09 KST 2025, lastUpdateTimeNanos=761223922696500}
2025-05-26 13:32:10.066 - Monitor thread successfully connected to server with description ServerDescription{address=ac-ij0xaje-shard-00-01.svz66jf.mongodb.net:27017, type=REPLICA_SET_SECONDARY, cryptd=false, state=CONNECTED, ok=true, minWireVersion=0, maxWireVersion=25, maxDocumentSize=16777216, logicalSessionTimeoutMinutes=30, roundTripTimeNanos=95080291, minRoundTripTimeNanos=0, setName='atlas-9omk4u-shard-0', canonicalAddress=ac-ij0xaje-shard-00-01.svz66jf.mongodb.net:27017, hosts=[ac-ij0xaje-shard-00-00.svz66jf.mongodb.net:27017, ac-ij0xaje-shard-00-01.svz66jf.mongodb.net:27017, ac-ij0xaje-shard-00-02.svz66jf.mongodb.net:27017], passives=[], arbiters=[], primary='ac-ij0xaje-shard-00-02.svz66jf.mongodb.net:27017', tagSet=TagSet{[Tag{name='availabilityZone', value='apne2-az3'}, Tag{name='diskState', value='READY'}, Tag{name='nodeType', value='ELECTABLE'}, Tag{name='provider', value='AWS'}, Tag{name='region', value='AP_NORTHEAST_2'}, Tag{name='workloadType', value='OPERATIONAL'}]}, electionId=null, setVersion=1, topologyVersion=TopologyVersion{processId=682b43426320913b958841a4, counter=3}, lastWriteDate=Mon May 26 13:32:09 KST 2025, lastUpdateTimeNanos=761223922695416}
2025-05-26 13:32:10.074 - Monitor thread successfully connected to server with description ServerDescription{address=ac-ij0xaje-shard-00-02.svz66jf.mongodb.net:27017, type=REPLICA_SET_PRIMARY, cryptd=false, state=CONNECTED, ok=true, minWireVersion=0, maxWireVersion=25, maxDocumentSize=16777216, logicalSessionTimeoutMinutes=30, roundTripTimeNanos=92676792, minRoundTripTimeNanos=0, setName='atlas-9omk4u-shard-0', canonicalAddress=ac-ij0xaje-shard-00-02.svz66jf.mongodb.net:27017, hosts=[ac-ij0xaje-shard-00-00.svz66jf.mongodb.net:27017, ac-ij0xaje-shard-00-01.svz66jf.mongodb.net:27017, ac-ij0xaje-shard-00-02.svz66jf.mongodb.net:27017], passives=[], arbiters=[], primary='ac-ij0xaje-shard-00-02.svz66jf.mongodb.net:27017', tagSet=TagSet{[Tag{name='availabilityZone', value='apne2-az2'}, Tag{name='diskState', value='READY'}, Tag{name='nodeType', value='ELECTABLE'}, Tag{name='provider', value='AWS'}, Tag{name='region', value='AP_NORTHEAST_2'}, Tag{name='workloadType', value='OPERATIONAL'}]}, electionId=7fffffff0000000000000020, setVersion=1, topologyVersion=TopologyVersion{processId=682b406eaec8b2058fac790f, counter=6}, lastWriteDate=Mon May 26 13:32:09 KST 2025, lastUpdateTimeNanos=761223933847125}
2025-05-26 13:32:10.074 - Discovered replica set primary ac-ij0xaje-shard-00-02.svz66jf.mongodb.net:27017 with max election id 7fffffff0000000000000020 and max set version 1
2025-05-26 13:32:10.137 - Spring Cloud LoadBalancer is currently working with the default cache. While this cache implementation is useful for development and tests, it's recommended to use Caffeine cache in production.You can switch to using Caffeine cache, by adding it and org.springframework.cache.caffeine.CaffeineCacheManager to the classpath.
2025-05-26 13:32:10.408 - Starting ProtocolHandler ["http-nio-8089"]
2025-05-26 13:32:10.415 - Tomcat started on port 8089 (http) with context path '/'
2025-05-26 13:32:10.426 - Started AdAdminServiceApplication in 3.514 seconds (process running for 3.81)
