
  .   ____          _            __ _ _
 /\\ / ___'_ __ _ _(_)_ __  __ _ \ \ \ \
( ( )\___ | '_ | '_| | '_ \/ _` | \ \ \ \
 \\/  ___)| |_)| | | | | || (_| |  ) ) ) )
  '  |____| .__|_| |_|_| |_\__, | / / / /
 =========|_|==============|___/=/_/_/_/

 :: Spring Boot ::                (v3.4.5)

2025-05-16T17:25:13.522+09:00  INFO 26854 --- [ad-admin-service] [           main] c.g.a.AdAdminServiceApplication          : Starting AdAdminServiceApplication v0.0.1-SNAPSHOT using Java 17.0.15 with PID 26854 (/Users/master/Documents/project/GoormPlay/ad-admin-service/build/libs/ad-admin-service-0.0.1-SNAPSHOT.jar started by master in /Users/master/Documents/project/GoormPlay)
2025-05-16T17:25:13.523+09:00  INFO 26854 --- [ad-admin-service] [           main] c.g.a.AdAdminServiceApplication          : No active profile set, falling back to 1 default profile: "default"
2025-05-16T17:25:13.931+09:00  INFO 26854 --- [ad-admin-service] [           main] .s.d.r.c.RepositoryConfigurationDelegate : Multiple Spring Data modules found, entering strict repository configuration mode
2025-05-16T17:25:13.933+09:00  INFO 26854 --- [ad-admin-service] [           main] .s.d.r.c.RepositoryConfigurationDelegate : Bootstrapping Spring Data JPA repositories in DEFAULT mode.
2025-05-16T17:25:13.950+09:00  INFO 26854 --- [ad-admin-service] [           main] .RepositoryConfigurationExtensionSupport : Spring Data JPA - Could not safely identify store assignment for repository candidate interface com.goormplay.adadminservice.repository.AdMetaGroupRepository; If you want this repository to be a JPA repository, consider annotating your entities with one of these annotations: jakarta.persistence.Entity, jakarta.persistence.MappedSuperclass (preferred), or consider extending one of the following types with your repository: org.springframework.data.jpa.repository.JpaRepository
2025-05-16T17:25:14.017+09:00  INFO 26854 --- [ad-admin-service] [           main] .s.d.r.c.RepositoryConfigurationDelegate : Finished Spring Data repository scanning in 80 ms. Found 2 JPA repository interfaces.
2025-05-16T17:25:14.029+09:00  INFO 26854 --- [ad-admin-service] [           main] .s.d.r.c.RepositoryConfigurationDelegate : Multiple Spring Data modules found, entering strict repository configuration mode
2025-05-16T17:25:14.029+09:00  INFO 26854 --- [ad-admin-service] [           main] .s.d.r.c.RepositoryConfigurationDelegate : Bootstrapping Spring Data MongoDB repositories in DEFAULT mode.
2025-05-16T17:25:14.032+09:00  INFO 26854 --- [ad-admin-service] [           main] .RepositoryConfigurationExtensionSupport : Spring Data MongoDB - Could not safely identify store assignment for repository candidate interface com.goormplay.adadminservice.repository.AdTransactionLogRepository; If you want this repository to be a MongoDB repository, consider annotating your entities with one of these annotations: org.springframework.data.mongodb.core.mapping.Document (preferred), or consider extending one of the following types with your repository: org.springframework.data.mongodb.repository.MongoRepository
2025-05-16T17:25:14.032+09:00  INFO 26854 --- [ad-admin-service] [           main] .RepositoryConfigurationExtensionSupport : Spring Data MongoDB - Could not safely identify store assignment for repository candidate interface com.goormplay.adadminservice.repository.AdvertiserAccountRepository; If you want this repository to be a MongoDB repository, consider annotating your entities with one of these annotations: org.springframework.data.mongodb.core.mapping.Document (preferred), or consider extending one of the following types with your repository: org.springframework.data.mongodb.repository.MongoRepository
2025-05-16T17:25:14.033+09:00  INFO 26854 --- [ad-admin-service] [           main] .s.d.r.c.RepositoryConfigurationDelegate : Finished Spring Data repository scanning in 3 ms. Found 1 MongoDB repository interface.
2025-05-16T17:25:14.185+09:00  INFO 26854 --- [ad-admin-service] [           main] o.s.cloud.context.scope.GenericScope     : BeanFactory id=1bf59292-ef50-35bb-be02-ce5e4f904f29
2025-05-16T17:25:14.409+09:00  INFO 26854 --- [ad-admin-service] [           main] o.s.b.w.embedded.tomcat.TomcatWebServer  : Tomcat initialized with port 8089 (http)
2025-05-16T17:25:14.417+09:00  INFO 26854 --- [ad-admin-service] [           main] o.apache.catalina.core.StandardService   : Starting service [Tomcat]
2025-05-16T17:25:14.417+09:00  INFO 26854 --- [ad-admin-service] [           main] o.apache.catalina.core.StandardEngine    : Starting Servlet engine: [Apache Tomcat/10.1.40]
2025-05-16T17:25:14.437+09:00  INFO 26854 --- [ad-admin-service] [           main] o.a.c.c.C.[Tomcat].[localhost].[/]       : Initializing Spring embedded WebApplicationContext
2025-05-16T17:25:14.438+09:00  INFO 26854 --- [ad-admin-service] [           main] w.s.c.ServletWebServerApplicationContext : Root WebApplicationContext: initialization completed in 892 ms
2025-05-16T17:25:14.532+09:00  INFO 26854 --- [ad-admin-service] [           main] o.hibernate.jpa.internal.util.LogHelper  : HHH000204: Processing PersistenceUnitInfo [name: default]
2025-05-16T17:25:14.556+09:00  INFO 26854 --- [ad-admin-service] [           main] org.hibernate.Version                    : HHH000412: Hibernate ORM core version 6.6.13.Final
2025-05-16T17:25:14.570+09:00  INFO 26854 --- [ad-admin-service] [           main] o.h.c.internal.RegionFactoryInitiator    : HHH000026: Second-level cache disabled
2025-05-16T17:25:14.706+09:00  INFO 26854 --- [ad-admin-service] [           main] o.s.o.j.p.SpringPersistenceUnitInfo      : No LoadTimeWeaver setup: ignoring JPA class transformer
2025-05-16T17:25:14.718+09:00  INFO 26854 --- [ad-admin-service] [           main] com.zaxxer.hikari.HikariDataSource       : HikariPool-1 - Starting...
2025-05-16T17:25:14.858+09:00  INFO 26854 --- [ad-admin-service] [           main] com.zaxxer.hikari.pool.HikariPool        : HikariPool-1 - Added connection com.mysql.cj.jdbc.ConnectionImpl@34f60be9
2025-05-16T17:25:14.859+09:00  INFO 26854 --- [ad-admin-service] [           main] com.zaxxer.hikari.HikariDataSource       : HikariPool-1 - Start completed.
2025-05-16T17:25:14.877+09:00  WARN 26854 --- [ad-admin-service] [           main] org.hibernate.orm.deprecation            : HHH90000025: MySQL8Dialect does not need to be specified explicitly using 'hibernate.dialect' (remove the property setting and it will be selected by default)
2025-05-16T17:25:14.878+09:00  WARN 26854 --- [ad-admin-service] [           main] org.hibernate.orm.deprecation            : HHH90000026: MySQL8Dialect has been deprecated; use org.hibernate.dialect.MySQLDialect instead
2025-05-16T17:25:14.887+09:00  INFO 26854 --- [ad-admin-service] [           main] org.hibernate.orm.connections.pooling    : HHH10001005: Database info:
	Database JDBC URL [Connecting through datasource 'HikariDataSource (HikariPool-1)']
	Database driver: undefined/unknown
	Database version: 8.0
	Autocommit mode: undefined/unknown
	Isolation level: undefined/unknown
	Minimum pool size: undefined/unknown
	Maximum pool size: undefined/unknown
2025-05-16T17:25:15.261+09:00  INFO 26854 --- [ad-admin-service] [           main] o.h.e.t.j.p.i.JtaPlatformInitiator       : HHH000489: No JTA platform available (set 'hibernate.transaction.jta.platform' to enable JTA platform integration)
2025-05-16T17:25:15.290+09:00  INFO 26854 --- [ad-admin-service] [           main] j.LocalContainerEntityManagerFactoryBean : Initialized JPA EntityManagerFactory for persistence unit 'default'
2025-05-16T17:25:15.294+09:00  INFO 26854 --- [ad-admin-service] [           main] c.g.adadminservice.config.DotenvConfig   : Loaded SERVICE_NAME: null
2025-05-16T17:25:15.294+09:00  INFO 26854 --- [ad-admin-service] [           main] c.g.adadminservice.config.DotenvConfig   : Loaded MONGODB_URI: mongodb+srv://user:goorm0508@goorm-mongodb.svz66jf.mongodb.net/?retryWrites=true&w=majority&appName=goorm-mongoDB
2025-05-16T17:25:15.294+09:00  INFO 26854 --- [ad-admin-service] [           main] c.g.adadminservice.config.DotenvConfig   : Loaded MONGODB_DATABASE: content-db
Hibernate: 
    select
        aa1_0.id,
        aa1_0.advertiser_id,
        aa1_0.created_at,
        aa1_0.current_balance,
        aa1_0.total_budget 
    from
        advertiser_account aa1_0 
    where
        aa1_0.advertiser_id=?
2025-05-16T17:25:15.523+09:00  INFO 26854 --- [ad-admin-service] [           main] c.g.a.config.InitialDataLoader           : Default advertiser account already exists: ADV_001
2025-05-16T17:25:19.324+09:00  INFO 26854 --- [ad-admin-service] [           main] org.mongodb.driver.client                : MongoClient with metadata {"application": {"name": "goorm-mongoDB"}, "driver": {"name": "mongo-java-driver|sync", "version": "5.2.1"}, "os": {"type": "Darwin", "name": "Mac OS X", "architecture": "aarch64", "version": "14.6.1"}, "platform": "Java/Homebrew/17.0.15+0"} created with settings MongoClientSettings{readPreference=primary, writeConcern=WriteConcern{w=majority, wTimeout=null ms, journal=null}, retryWrites=true, retryReads=true, readConcern=ReadConcern{level=null}, credential=MongoCredential{mechanism=null, userName='user', source='admin', password=<hidden>, mechanismProperties=<hidden>}, transportSettings=null, commandListeners=[], codecRegistry=ProvidersCodecRegistry{codecProviders=[ValueCodecProvider{}, BsonValueCodecProvider{}, DBRefCodecProvider{}, DBObjectCodecProvider{}, DocumentCodecProvider{}, CollectionCodecProvider{}, IterableCodecProvider{}, MapCodecProvider{}, GeoJsonCodecProvider{}, GridFSFileCodecProvider{}, Jsr310CodecProvider{}, JsonObjectCodecProvider{}, BsonCodecProvider{}, EnumCodecProvider{}, com.mongodb.client.model.mql.ExpressionCodecProvider@3123ac1a, com.mongodb.Jep395RecordCodecProvider@7473cfe2, com.mongodb.KotlinCodecProvider@354ed5c4]}, loggerSettings=LoggerSettings{maxDocumentLength=1000}, clusterSettings={hosts=[127.0.0.1:27017], srvHost=goorm-mongodb.svz66jf.mongodb.net, srvServiceName=mongodb, mode=MULTIPLE, requiredClusterType=REPLICA_SET, requiredReplicaSetName='atlas-9omk4u-shard-0', serverSelector='null', clusterListeners='[]', serverSelectionTimeout='30000 ms', localThreshold='15 ms'}, socketSettings=SocketSettings{connectTimeoutMS=10000, readTimeoutMS=0, receiveBufferSize=0, proxySettings=ProxySettings{host=null, port=null, username=null, password=null}}, heartbeatSocketSettings=SocketSettings{connectTimeoutMS=10000, readTimeoutMS=10000, receiveBufferSize=0, proxySettings=ProxySettings{host=null, port=null, username=null, password=null}}, connectionPoolSettings=ConnectionPoolSettings{maxSize=100, minSize=0, maxWaitTimeMS=120000, maxConnectionLifeTimeMS=0, maxConnectionIdleTimeMS=0, maintenanceInitialDelayMS=0, maintenanceFrequencyMS=60000, connectionPoolListeners=[], maxConnecting=2}, serverSettings=ServerSettings{heartbeatFrequencyMS=10000, minHeartbeatFrequencyMS=500, serverMonitoringMode=AUTO, serverListeners='[]', serverMonitorListeners='[]'}, sslSettings=SslSettings{enabled=true, invalidHostNameAllowed=false, context=null}, applicationName='goorm-mongoDB', compressorList=[], uuidRepresentation=UNSPECIFIED, serverApi=ServerApi{version=V1, deprecationErrors=null, strict=null}, autoEncryptionSettings=null, dnsClient=null, inetAddressResolver=null, contextProvider=null, timeoutMS=null}
2025-05-16T17:25:19.344+09:00  INFO 26854 --- [ad-admin-service] [6jf.mongodb.net] org.mongodb.driver.cluster               : Adding discovered server ac-ij0xaje-shard-00-02.svz66jf.mongodb.net:27017 to client view of cluster
2025-05-16T17:25:19.362+09:00  INFO 26854 --- [ad-admin-service] [6jf.mongodb.net] org.mongodb.driver.cluster               : Adding discovered server ac-ij0xaje-shard-00-00.svz66jf.mongodb.net:27017 to client view of cluster
2025-05-16T17:25:19.365+09:00  INFO 26854 --- [ad-admin-service] [6jf.mongodb.net] org.mongodb.driver.cluster               : Adding discovered server ac-ij0xaje-shard-00-01.svz66jf.mongodb.net:27017 to client view of cluster
2025-05-16T17:25:19.521+09:00  INFO 26854 --- [ad-admin-service] [ngodb.net:27017] org.mongodb.driver.cluster               : Monitor thread successfully connected to server with description ServerDescription{address=ac-ij0xaje-shard-00-01.svz66jf.mongodb.net:27017, type=REPLICA_SET_PRIMARY, cryptd=false, state=CONNECTED, ok=true, minWireVersion=0, maxWireVersion=25, maxDocumentSize=16777216, logicalSessionTimeoutMinutes=30, roundTripTimeNanos=105428834, minRoundTripTimeNanos=0, setName='atlas-9omk4u-shard-0', canonicalAddress=ac-ij0xaje-shard-00-01.svz66jf.mongodb.net:27017, hosts=[ac-ij0xaje-shard-00-00.svz66jf.mongodb.net:27017, ac-ij0xaje-shard-00-01.svz66jf.mongodb.net:27017, ac-ij0xaje-shard-00-02.svz66jf.mongodb.net:27017], passives=[], arbiters=[], primary='ac-ij0xaje-shard-00-01.svz66jf.mongodb.net:27017', tagSet=TagSet{[Tag{name='availabilityZone', value='apne2-az3'}, Tag{name='diskState', value='READY'}, Tag{name='nodeType', value='ELECTABLE'}, Tag{name='provider', value='AWS'}, Tag{name='region', value='AP_NORTHEAST_2'}, Tag{name='workloadType', value='OPERATIONAL'}]}, electionId=7fffffff000000000000001f, setVersion=1, topologyVersion=TopologyVersion{processId=681cbc0a149dc59e778994c9, counter=6}, lastWriteDate=Fri May 16 17:25:18 KST 2025, lastUpdateTimeNanos=567187328864250}
2025-05-16T17:25:19.521+09:00  INFO 26854 --- [ad-admin-service] [ngodb.net:27017] org.mongodb.driver.cluster               : Monitor thread successfully connected to server with description ServerDescription{address=ac-ij0xaje-shard-00-02.svz66jf.mongodb.net:27017, type=REPLICA_SET_SECONDARY, cryptd=false, state=CONNECTED, ok=true, minWireVersion=0, maxWireVersion=25, maxDocumentSize=16777216, logicalSessionTimeoutMinutes=30, roundTripTimeNanos=88136375, minRoundTripTimeNanos=0, setName='atlas-9omk4u-shard-0', canonicalAddress=ac-ij0xaje-shard-00-02.svz66jf.mongodb.net:27017, hosts=[ac-ij0xaje-shard-00-00.svz66jf.mongodb.net:27017, ac-ij0xaje-shard-00-01.svz66jf.mongodb.net:27017, ac-ij0xaje-shard-00-02.svz66jf.mongodb.net:27017], passives=[], arbiters=[], primary='ac-ij0xaje-shard-00-01.svz66jf.mongodb.net:27017', tagSet=TagSet{[Tag{name='availabilityZone', value='apne2-az2'}, Tag{name='diskState', value='READY'}, Tag{name='nodeType', value='ELECTABLE'}, Tag{name='provider', value='AWS'}, Tag{name='region', value='AP_NORTHEAST_2'}, Tag{name='workloadType', value='OPERATIONAL'}]}, electionId=null, setVersion=1, topologyVersion=TopologyVersion{processId=681cbc34a0c60634d499359d, counter=3}, lastWriteDate=Fri May 16 17:25:18 GMT+09:00 2025, lastUpdateTimeNanos=567187328976166}
2025-05-16T17:25:19.521+09:00  INFO 26854 --- [ad-admin-service] [ngodb.net:27017] org.mongodb.driver.cluster               : Monitor thread successfully connected to server with description ServerDescription{address=ac-ij0xaje-shard-00-00.svz66jf.mongodb.net:27017, type=REPLICA_SET_SECONDARY, cryptd=false, state=CONNECTED, ok=true, minWireVersion=0, maxWireVersion=25, maxDocumentSize=16777216, logicalSessionTimeoutMinutes=30, roundTripTimeNanos=87526000, minRoundTripTimeNanos=0, setName='atlas-9omk4u-shard-0', canonicalAddress=ac-ij0xaje-shard-00-00.svz66jf.mongodb.net:27017, hosts=[ac-ij0xaje-shard-00-00.svz66jf.mongodb.net:27017, ac-ij0xaje-shard-00-01.svz66jf.mongodb.net:27017, ac-ij0xaje-shard-00-02.svz66jf.mongodb.net:27017], passives=[], arbiters=[], primary='ac-ij0xaje-shard-00-01.svz66jf.mongodb.net:27017', tagSet=TagSet{[Tag{name='availabilityZone', value='apne2-az1'}, Tag{name='diskState', value='READY'}, Tag{name='nodeType', value='ELECTABLE'}, Tag{name='provider', value='AWS'}, Tag{name='region', value='AP_NORTHEAST_2'}, Tag{name='workloadType', value='OPERATIONAL'}]}, electionId=null, setVersion=1, topologyVersion=TopologyVersion{processId=681cbbe21a2960b9ffff3bd9, counter=4}, lastWriteDate=Fri May 16 17:25:18 GMT+09:00 2025, lastUpdateTimeNanos=567187328370875}
2025-05-16T17:25:19.524+09:00  INFO 26854 --- [ad-admin-service] [ngodb.net:27017] org.mongodb.driver.cluster               : Discovered replica set primary ac-ij0xaje-shard-00-01.svz66jf.mongodb.net:27017 with max election id 7fffffff000000000000001f and max set version 1
2025-05-16T17:25:19.544+09:00  WARN 26854 --- [ad-admin-service] [           main] JpaBaseConfiguration$JpaWebConfiguration : spring.jpa.open-in-view is enabled by default. Therefore, database queries may be performed during view rendering. Explicitly configure spring.jpa.open-in-view to disable this warning
2025-05-16T17:25:19.561+09:00  WARN 26854 --- [ad-admin-service] [           main] .s.s.UserDetailsServiceAutoConfiguration : 

Using generated security password: 8063e22b-7909-4263-b88e-0944f5695e2e

This generated password is for development use only. Your security configuration must be updated before running your application in production.

2025-05-16T17:25:19.569+09:00  INFO 26854 --- [ad-admin-service] [           main] r$InitializeUserDetailsManagerConfigurer : Global AuthenticationManager configured with UserDetailsService bean with name inMemoryUserDetailsManager
2025-05-16T17:25:19.926+09:00  INFO 26854 --- [ad-admin-service] [           main] DiscoveryClientOptionalArgsConfiguration : Eureka HTTP Client uses RestTemplate.
2025-05-16T17:25:19.947+09:00  WARN 26854 --- [ad-admin-service] [           main] iguration$LoadBalancerCaffeineWarnLogger : Spring Cloud LoadBalancer is currently working with the default cache. While this cache implementation is useful for development and tests, it's recommended to use Caffeine cache in production.You can switch to using Caffeine cache, by adding it and org.springframework.cache.caffeine.CaffeineCacheManager to the classpath.
2025-05-16T17:25:19.965+09:00  INFO 26854 --- [ad-admin-service] [           main] o.s.c.n.eureka.InstanceInfoFactory       : Setting initial instance status as: STARTING
2025-05-16T17:25:19.978+09:00  INFO 26854 --- [ad-admin-service] [           main] com.netflix.discovery.DiscoveryClient    : Initializing Eureka in region us-east-1
2025-05-16T17:25:19.979+09:00  INFO 26854 --- [ad-admin-service] [           main] c.n.d.s.r.aws.ConfigClusterResolver      : Resolving eureka endpoints via configuration
2025-05-16T17:25:19.982+09:00  INFO 26854 --- [ad-admin-service] [           main] com.netflix.discovery.DiscoveryClient    : Disable delta property : false
2025-05-16T17:25:19.982+09:00  INFO 26854 --- [ad-admin-service] [           main] com.netflix.discovery.DiscoveryClient    : Single vip registry refresh property : null
2025-05-16T17:25:19.982+09:00  INFO 26854 --- [ad-admin-service] [           main] com.netflix.discovery.DiscoveryClient    : Force full registry fetch : false
2025-05-16T17:25:19.982+09:00  INFO 26854 --- [ad-admin-service] [           main] com.netflix.discovery.DiscoveryClient    : Application is null : false
2025-05-16T17:25:19.982+09:00  INFO 26854 --- [ad-admin-service] [           main] com.netflix.discovery.DiscoveryClient    : Registered Applications size is zero : true
2025-05-16T17:25:19.982+09:00  INFO 26854 --- [ad-admin-service] [           main] com.netflix.discovery.DiscoveryClient    : Application version is -1: true
2025-05-16T17:25:19.982+09:00  INFO 26854 --- [ad-admin-service] [           main] com.netflix.discovery.DiscoveryClient    : Getting all instance registry info from the eureka server
2025-05-16T17:25:20.223+09:00  INFO 26854 --- [ad-admin-service] [           main] com.netflix.discovery.DiscoveryClient    : The response status is 200
2025-05-16T17:25:20.223+09:00  INFO 26854 --- [ad-admin-service] [           main] com.netflix.discovery.DiscoveryClient    : Starting heartbeat executor: renew interval is: 30
2025-05-16T17:25:20.224+09:00  INFO 26854 --- [ad-admin-service] [           main] c.n.discovery.InstanceInfoReplicator     : InstanceInfoReplicator onDemand update allowed rate per min is 4
2025-05-16T17:25:20.224+09:00  INFO 26854 --- [ad-admin-service] [           main] com.netflix.discovery.DiscoveryClient    : Discovery Client initialized at timestamp 1747383920224 with initial instances count: 3
2025-05-16T17:25:20.225+09:00  INFO 26854 --- [ad-admin-service] [           main] o.s.c.n.e.s.EurekaServiceRegistry        : Registering application AD-ADMIN-SERVICE with eureka with status UP
2025-05-16T17:25:20.226+09:00  INFO 26854 --- [ad-admin-service] [           main] com.netflix.discovery.DiscoveryClient    : Saw local status change event StatusChangeEvent [timestamp=1747383920226, current=UP, previous=STARTING]
2025-05-16T17:25:20.226+09:00  INFO 26854 --- [ad-admin-service] [foReplicator-%d] com.netflix.discovery.DiscoveryClient    : DiscoveryClient_AD-ADMIN-SERVICE/172.16.24.93:ad-admin-service:8089: registering service...
2025-05-16T17:25:20.232+09:00  INFO 26854 --- [ad-admin-service] [           main] o.s.b.w.embedded.tomcat.TomcatWebServer  : Tomcat started on port 8089 (http) with context path '/'
2025-05-16T17:25:20.233+09:00  INFO 26854 --- [ad-admin-service] [           main] .s.c.n.e.s.EurekaAutoServiceRegistration : Updating port to 8089
2025-05-16T17:25:20.245+09:00  INFO 26854 --- [ad-admin-service] [           main] c.g.a.AdAdminServiceApplication          : Started AdAdminServiceApplication in 6.97 seconds (process running for 7.231)
2025-05-16T17:25:20.307+09:00  INFO 26854 --- [ad-admin-service] [foReplicator-%d] com.netflix.discovery.DiscoveryClient    : DiscoveryClient_AD-ADMIN-SERVICE/172.16.24.93:ad-admin-service:8089 - registration status: 204
2025-05-16T17:30:19.987+09:00  INFO 26854 --- [ad-admin-service] [rap-executor-%d] c.n.d.s.r.aws.ConfigClusterResolver      : Resolving eureka endpoints via configuration
